<?xml version="1.0" encoding="UTF-8"?>
<!-- Generated by org.testng.reporters.JUnitReportReporter -->
<testsuite hostname="Q10087" name="com.selenium.scripts.uomng" tests="3" failures="0" timestamp="25 Aug 2016 11:20:05 GMT" time="19.426" errors="0">
  <testcase name="uom" time="6.335" classname="com.selenium.scripts.uomng"/>
  <testcase name="uom" time="6.817" classname="com.selenium.scripts.uomng"/>
  <testcase name="uom" time="6.274" classname="com.selenium.scripts.uomng"/>
</testsuite> <!-- com.selenium.scripts.uomng -->
