<?xml version="1.0" encoding="UTF-8"?>
<!-- Generated by org.testng.reporters.JUnitReportReporter -->
<testsuite hostname="Q10087" name="com.selenium.scripts.examleng" tests="1" failures="0" timestamp="25 Aug 2016 10:49:19 GMT" time="0.031" errors="0">
  <testcase name="xyz" time="0.031" classname="com.selenium.scripts.examleng"/>
</testsuite> <!-- com.selenium.scripts.examleng -->
