<?xml version="1.0" encoding="UTF-8"?>
<!-- Generated by org.testng.reporters.JUnitReportReporter -->
<testsuite hostname="Q10087" name="com.selenium.master.pom" tests="1" failures="0" timestamp="31 Aug 2016 09:04:58 GMT" time="21.896" errors="0">
  <testcase name="Lexe" time="21.896" classname="com.selenium.master.pom"/>
</testsuite> <!-- com.selenium.master.pom -->
